{"/Users/shihangbo/Documents/technology/sourcemap-stachtrack/src/index.ts": {"path":"/Users/shihangbo/Documents/technology/sourcemap-stachtrack/src/index.ts","statementMap":{"0":{"start":{"line":7,"column":4},"end":{"line":7,"column":null}},"1":{"start":{"line":6,"column":0},"end":{"line":6,"column":16}}},"fnMap":{"0":{"name":"add","decl":{"start":{"line":6,"column":16},"end":{"line":6,"column":19}},"loc":{"start":{"line":6,"column":40},"end":{"line":8,"column":1}}}},"branchMap":{},"s":{"0":1,"1":1},"f":{"0":1},"b":{}}
}
